<?xml version="1.0" encoding="UTF-8"?>
<!-- Generated by org.testng.reporters.JUnitXMLReporter -->
<testsuite ignored="1" hostname="LAPTOP-CD8JOBST" failures="0" tests="1" name="Test" time="0.071" errors="0" timestamp="10 May 2022 09:55:56 GMT">
  <testcase classname="MavenExample.ReadingDataFromCommandLineTest" name="regression" time="0.024"/>
  <testcase classname="MavenExample.ReadingDataFromCommandLineTest" name="readingDataFromCommandLineTest" time="0.0">
    <ignored/>
  </testcase> <!-- readingDataFromCommandLineTest -->
</testsuite> <!-- Test -->
