<?xml version="1.0" encoding="UTF-8"?>
<testng-results ignored="0" total="1" passed="1" failed="0" skipped="0">
  <reporter-output>
  </reporter-output>
  <suite started-at="2022-05-12T09:05:59Z" name="Default suite" finished-at="2022-05-12T09:19:23Z" duration-ms="803839">
    <groups>
    </groups>
    <test started-at="2022-05-12T09:05:59Z" name="Default test" finished-at="2022-05-12T09:19:23Z" duration-ms="803839">
      <class name="Scenario_Test.Scenario_8">
        <test-method signature="scenario_8()[pri:0, instance:Scenario_Test.Scenario_8@79dc5318]" started-at="2022-05-12T09:05:59Z" name="scenario_8" finished-at="2022-05-12T09:19:22Z" duration-ms="803625" status="PASS">
          <reporter-output>
          </reporter-output>
        </test-method> <!-- scenario_8 -->
      </class> <!-- Scenario_Test.Scenario_8 -->
    </test> <!-- Default test -->
  </suite> <!-- Default suite -->
</testng-results>
